Arguments: 
  C:\Program Files\nodejs\node.exe C:\Users\e_lap\AppData\Roaming\npm\node_modules\yarn\bin\yarn.js

PATH: 
  C:\Users\e_lap\AppData\Local\Temp\yarn--1712047851941-0.19095740440993403;C:\Programming\Web\SBI\node_modules\.bin;C:\Users\e_lap\AppData\Local\Yarn\Data\link\node_modules\.bin;C:\Users\e_lap\AppData\Local\Yarn\bin;C:\Program Files\libexec\lib\node_modules\npm\bin\node-gyp-bin;C:\Program Files\lib\node_modules\npm\bin\node-gyp-bin;C:\Program Files\nodejs\node_modules\npm\bin\node-gyp-bin;C:\Program Files (x86)\VMware\VMware Workstation\bin\;C:\Python39\Scripts\;C:\Python39\;C:\Python38\Scripts\;C:\Python38\;C:\Server\bin\PHP\;C:\WINDOWS\system32;C:\WINDOWS;C:\WINDOWS\System32\Wbem;C:\WINDOWS\System32\WindowsPowerShell\v1.0\;C:\WINDOWS\System32\OpenSSH\;C:\ProgramData\chocolatey\bin;C:\Program Files\nodejs\;C:\Program Files\PuTTY\;C:\Program Files\PostgreSQL\14\bin;C:\Program Files\PostgreSQL\14\lib;C:\Program Files\Git\cmd;C:\Program Files\Docker\Docker\resources\bin;C:\Users\e_lap\AppData\Local\Microsoft\WindowsApps;C:\Program Files\JetBrains\WebStorm 2020.1\bin;;C:\Users\e_lap\AppData\Local\Programs\Microsoft VS Code\bin;C:\Users\e_lap\AppData\Roaming\npm;C:\Users\e_lap\AppData\Local\GitHubDesktop\bin;C:\Program Files\PostgreSQL\14\bin;C:\Program Files\PostgreSQL\14\lib;

Yarn version: 
  1.22.17

Node version: 
  16.15.0

Platform: 
  win32 x64

Trace: 
  Error: EPERM: operation not permitted, unlink 'C:\Programming\Web\SBI\node_modules\@parcel\watcher\prebuilds\win32-x64\node.napi.glibc.node'

npm manifest: 
  {
    "name": "sbi",
    "private": true,
    "scripts": {
      "bootstrap": "yarn && node init.js && lerna clean && yarn && lerna bootstrap",
      "build": "lerna run build",
      "dev:client": "lerna run dev --scope=client",
      "dev:server": "lerna run dev --scope=server",
      "dev": "lerna run dev",
      "test": "lerna run test",
      "lint": "lerna run lint",
      "format": "lerna run format",
      "preview": "lerna run preview"
    },
    "license": "MIT",
    "engines": {
      "node": ">=15"
    },
    "devDependencies": {
      "@evilmartians/lefthook": "^1.3.9",
      "lerna": "^5.4.3"
    }
  }

yarn manifest: 
  No manifest

Lockfile: 
  No lockfile
